app/build/intermediates/manifest_merge_blame_file/debug/manifest-merger-blame-debug-report.txt
1<?xml version="1.0" encoding="utf-8"?>
2<!--
3 Copyright (c) 2010-2011, The MiCode Open Source Community (www.micode.net)
4
5     Licensed under the Apache License, Version 2.0 (the "License");
6     you may not use this file except in compliance with the License.
7     You may obtain a copy of the License at
8
9          http://www.apache.org/licenses/LICENSE-2.0
10
11     Unless required by applicable law or agreed to in writing, software
12     distributed under the License is distributed on an "AS IS" BASIS,
13     WITHOUT WARRANTIES OR CONDITIONS OF ANY KIND, either express or implied.
14     See the License for the specific language governing permissions and
15     limitations under the License.
16-->
17<manifest xmlns:android="http://schemas.android.com/apk/res/android"
18    package="net.micode.notes"
19    android:versionCode="1"
20    android:versionName="0.1" >
21
22    <uses-sdk
22-->src\main\AndroidManifest.xml:23:5-44
23        android:minSdkVersion="14"
23-->src\main\AndroidManifest.xml:23:15-41
24        android:targetSdkVersion="19" />
24-->src\main\AndroidManifest.xml:23:5-44
25
26    <uses-permission android:name="android.permission.WRITE_EXTERNAL_STORAGE" />
26-->src\main\AndroidManifest.xml:25:5-81
26-->src\main\AndroidManifest.xml:25:22-78
27    <uses-permission android:name="com.android.launcher.permission.INSTALL_SHORTCUT" />
27-->src\main\AndroidManifest.xml:26:5-88
27-->src\main\AndroidManifest.xml:26:22-85
28    <uses-permission android:name="android.permission.INTERNET" />
28-->src\main\AndroidManifest.xml:27:5-67
28-->src\main\AndroidManifest.xml:27:22-64
29    <uses-permission android:name="android.permission.READ_CONTACTS" />
29-->src\main\AndroidManifest.xml:28:5-72
29-->src\main\AndroidManifest.xml:28:22-69
30    <uses-permission android:name="android.permission.MANAGE_ACCOUNTS" />
30-->src\main\AndroidManifest.xml:29:5-74
30-->src\main\AndroidManifest.xml:29:22-71
31    <uses-permission android:name="android.permission.AUTHENTICATE_ACCOUNTS" />
31-->src\main\AndroidManifest.xml:30:5-80
31-->src\main\AndroidManifest.xml:30:22-77
32    <uses-permission android:name="android.permission.GET_ACCOUNTS" />
32-->src\main\AndroidManifest.xml:31:5-71
32-->src\main\AndroidManifest.xml:31:22-68
33    <uses-permission android:name="android.permission.USE_CREDENTIALS" />
33-->src\main\AndroidManifest.xml:32:5-74
33-->src\main\AndroidManifest.xml:32:22-71
34    <uses-permission android:name="android.permission.RECEIVE_BOOT_COMPLETED" />
34-->src\main\AndroidManifest.xml:33:5-81
34-->src\main\AndroidManifest.xml:33:22-78
35    <uses-permission android:name="android.permission.ACCESS_WIFI_STATE" />
35-->[com.amitshekhar.android:debug-db:1.0.0] AndroidManifest.xml:30:5-76
35-->[com.amitshekhar.android:debug-db:1.0.0] AndroidManifest.xml:30:22-73
36
37    <application
37-->src\main\AndroidManifest.xml:35:5-149:19
38        android:allowBackup="true"
38-->[com.nhaarman.listviewanimations:lib-core:3.1.0] AndroidManifest.xml:26:18-44
39        android:debuggable="true"
40        android:icon="@drawable/icon_app"
40-->src\main\AndroidManifest.xml:36:9-42
41        android:label="@string/app_name"
41-->src\main\AndroidManifest.xml:37:9-41
42        android:testOnly="true" >
43        <activity
43-->src\main\AndroidManifest.xml:38:9-51:20
44            android:name="net.micode.notes.ui.NotesListActivity"
44-->src\main\AndroidManifest.xml:39:13-49
45            android:configChanges="keyboardHidden|orientation|screenSize"
45-->src\main\AndroidManifest.xml:40:13-74
46            android:label="@string/app_name"
46-->src\main\AndroidManifest.xml:41:13-45
47            android:launchMode="singleTop"
47-->src\main\AndroidManifest.xml:42:13-43
48            android:theme="@style/NoteTheme"
48-->src\main\AndroidManifest.xml:43:13-45
49            android:uiOptions="splitActionBarWhenNarrow"
49-->src\main\AndroidManifest.xml:44:13-57
50            android:windowSoftInputMode="adjustPan" >
50-->src\main\AndroidManifest.xml:45:13-52
51            <intent-filter>
51-->src\main\AndroidManifest.xml:47:13-50:29
52                <action android:name="android.intent.action.MAIN" />
52-->src\main\AndroidManifest.xml:48:17-69
52-->src\main\AndroidManifest.xml:48:25-66
53
54                <category android:name="android.intent.category.LAUNCHER" />
54-->src\main\AndroidManifest.xml:49:17-77
54-->src\main\AndroidManifest.xml:49:27-74
55            </intent-filter>
56        </activity>
57        <activity
57-->src\main\AndroidManifest.xml:53:9-81:20
58            android:name="net.micode.notes.ui.NoteEditActivity"
58-->src\main\AndroidManifest.xml:54:13-48
59            android:configChanges="keyboardHidden|orientation|screenSize"
59-->src\main\AndroidManifest.xml:55:13-74
60            android:launchMode="singleTop"
60-->src\main\AndroidManifest.xml:56:13-43
61            android:theme="@style/NoteTheme" >
61-->src\main\AndroidManifest.xml:57:13-45
62            <intent-filter>
62-->src\main\AndroidManifest.xml:59:13-64:29
63                <action android:name="android.intent.action.VIEW" />
63-->src\main\AndroidManifest.xml:60:17-69
63-->src\main\AndroidManifest.xml:60:25-66
64
65                <category android:name="android.intent.category.DEFAULT" />
65-->src\main\AndroidManifest.xml:61:17-76
65-->src\main\AndroidManifest.xml:61:27-73
66
67                <data android:mimeType="vnd.android.cursor.item/text_note" />
67-->src\main\AndroidManifest.xml:62:17-78
67-->src\main\AndroidManifest.xml:62:23-75
68                <data android:mimeType="vnd.android.cursor.item/call_note" />
68-->src\main\AndroidManifest.xml:62:17-78
68-->src\main\AndroidManifest.xml:62:23-75
69            </intent-filter>
70            <intent-filter>
70-->src\main\AndroidManifest.xml:66:13-71:29
71                <action android:name="android.intent.action.INSERT_OR_EDIT" />
71-->src\main\AndroidManifest.xml:67:17-79
71-->src\main\AndroidManifest.xml:67:25-76
72
73                <category android:name="android.intent.category.DEFAULT" />
73-->src\main\AndroidManifest.xml:61:17-76
73-->src\main\AndroidManifest.xml:61:27-73
74
75                <data android:mimeType="vnd.android.cursor.item/text_note" />
75-->src\main\AndroidManifest.xml:62:17-78
75-->src\main\AndroidManifest.xml:62:23-75
76                <data android:mimeType="vnd.android.cursor.item/call_note" />
76-->src\main\AndroidManifest.xml:62:17-78
76-->src\main\AndroidManifest.xml:62:23-75
77            </intent-filter>
78            <intent-filter>
78-->src\main\AndroidManifest.xml:73:13-76:29
79                <action android:name="android.intent.action.SEARCH" />
79-->src\main\AndroidManifest.xml:74:17-71
79-->src\main\AndroidManifest.xml:74:25-68
80
81                <category android:name="android.intent.category.DEFAULT" />
81-->src\main\AndroidManifest.xml:61:17-76
81-->src\main\AndroidManifest.xml:61:27-73
82            </intent-filter>
83
84            <meta-data
84-->src\main\AndroidManifest.xml:78:13-80:54
85                android:name="android.app.searchable"
85-->src\main\AndroidManifest.xml:79:17-54
86                android:resource="@xml/searchable" />
86-->src\main\AndroidManifest.xml:80:17-51
87        </activity>
88
89        <provider
89-->src\main\AndroidManifest.xml:83:9-86:43
90            android:name="net.micode.notes.data.NotesProvider"
90-->src\main\AndroidManifest.xml:84:13-63
91            android:authorities="micode_notes"
91-->src\main\AndroidManifest.xml:85:13-47
92            android:multiprocess="true" />
92-->src\main\AndroidManifest.xml:86:13-40
93
94        <receiver
94-->src\main\AndroidManifest.xml:88:9-100:20
95            android:name="net.micode.notes.widget.NoteWidgetProvider_2x"
95-->src\main\AndroidManifest.xml:89:13-57
96            android:label="@string/app_widget2x2" >
96-->src\main\AndroidManifest.xml:90:13-50
97            <intent-filter>
97-->src\main\AndroidManifest.xml:91:13-95:29
98                <action android:name="android.appwidget.action.APPWIDGET_UPDATE" />
98-->src\main\AndroidManifest.xml:92:17-84
98-->src\main\AndroidManifest.xml:92:25-81
99                <action android:name="android.appwidget.action.APPWIDGET_DELETED" />
99-->src\main\AndroidManifest.xml:93:17-85
99-->src\main\AndroidManifest.xml:93:25-82
100                <action android:name="android.intent.action.PRIVACY_MODE_CHANGED" />
100-->src\main\AndroidManifest.xml:94:17-85
100-->src\main\AndroidManifest.xml:94:25-82
101            </intent-filter>
102
103            <meta-data
103-->src\main\AndroidManifest.xml:97:13-99:58
104                android:name="android.appwidget.provider"
104-->src\main\AndroidManifest.xml:98:17-58
105                android:resource="@xml/widget_2x_info" />
105-->src\main\AndroidManifest.xml:99:17-55
106        </receiver>
107        <receiver
107-->src\main\AndroidManifest.xml:101:9-114:20
108            android:name="net.micode.notes.widget.NoteWidgetProvider_4x"
108-->src\main\AndroidManifest.xml:102:13-57
109            android:label="@string/app_widget4x4" >
109-->src\main\AndroidManifest.xml:103:13-50
110            <intent-filter>
110-->src\main\AndroidManifest.xml:91:13-95:29
111                <action android:name="android.appwidget.action.APPWIDGET_UPDATE" />
111-->src\main\AndroidManifest.xml:92:17-84
111-->src\main\AndroidManifest.xml:92:25-81
112                <action android:name="android.appwidget.action.APPWIDGET_DELETED" />
112-->src\main\AndroidManifest.xml:93:17-85
112-->src\main\AndroidManifest.xml:93:25-82
113                <action android:name="android.intent.action.PRIVACY_MODE_CHANGED" />
113-->src\main\AndroidManifest.xml:94:17-85
113-->src\main\AndroidManifest.xml:94:25-82
114            </intent-filter>
115
116            <meta-data
116-->src\main\AndroidManifest.xml:97:13-99:58
117                android:name="android.appwidget.provider"
117-->src\main\AndroidManifest.xml:98:17-58
118                android:resource="@xml/widget_4x_info" />
118-->src\main\AndroidManifest.xml:99:17-55
119        </receiver>
120        <receiver android:name="net.micode.notes.ui.AlarmInitReceiver" >
120-->src\main\AndroidManifest.xml:116:9-120:20
120-->src\main\AndroidManifest.xml:116:19-55
121            <intent-filter>
121-->src\main\AndroidManifest.xml:117:13-119:29
122                <action android:name="android.intent.action.BOOT_COMPLETED" />
122-->src\main\AndroidManifest.xml:118:17-79
122-->src\main\AndroidManifest.xml:118:25-76
123            </intent-filter>
124        </receiver>
125        <receiver
125-->src\main\AndroidManifest.xml:122:9-125:20
126            android:name="net.micode.notes.ui.AlarmReceiver"
126-->src\main\AndroidManifest.xml:123:13-61
127            android:process=":remote" >
127-->src\main\AndroidManifest.xml:124:13-38
128        </receiver>
129
130        <activity
130-->src\main\AndroidManifest.xml:127:9-132:20
131            android:name="net.micode.notes.ui.AlarmAlertActivity"
131-->src\main\AndroidManifest.xml:128:13-50
132            android:label="@string/app_name"
132-->src\main\AndroidManifest.xml:129:13-45
133            android:launchMode="singleInstance"
133-->src\main\AndroidManifest.xml:130:13-48
134            android:theme="@android:style/Theme.Holo.Wallpaper.NoTitleBar" >
134-->src\main\AndroidManifest.xml:131:13-75
135        </activity>
136        <activity
136-->src\main\AndroidManifest.xml:134:9-139:20
137            android:name="net.micode.notes.ui.NotesPreferenceActivity"
137-->src\main\AndroidManifest.xml:135:13-71
138            android:label="@string/preferences_title"
138-->src\main\AndroidManifest.xml:136:13-54
139            android:launchMode="singleTop"
139-->src\main\AndroidManifest.xml:137:13-43
140            android:theme="@android:style/Theme.Holo.Light" >
140-->src\main\AndroidManifest.xml:138:13-60
141        </activity>
142
143        <service
143-->src\main\AndroidManifest.xml:141:9-144:19
144            android:name="net.micode.notes.gtask.remote.GTaskSyncService"
144-->src\main\AndroidManifest.xml:142:13-74
145            android:exported="false" >
145-->src\main\AndroidManifest.xml:143:13-37
146        </service>
147
148        <meta-data
148-->src\main\AndroidManifest.xml:146:9-148:52
149            android:name="android.app.default_searchable"
149-->src\main\AndroidManifest.xml:147:13-58
150            android:value=".ui.NoteEditActivity" />
150-->src\main\AndroidManifest.xml:148:13-49
151
152        <activity android:name="com.nhaarman.listviewanimations.itemmanipulation.swipedismiss.SwipeTouchListenerTestActivity" />
152-->[com.nhaarman.listviewanimations:lib-manipulation:3.1.0] AndroidManifest.xml:27:9-129
152-->[com.nhaarman.listviewanimations:lib-manipulation:3.1.0] AndroidManifest.xml:27:19-126
153        <activity android:name="com.nhaarman.listviewanimations.itemmanipulation.dragdrop.DynamicListViewTestActivity" />
153-->[com.nhaarman.listviewanimations:lib-manipulation:3.1.0] AndroidManifest.xml:28:9-122
153-->[com.nhaarman.listviewanimations:lib-manipulation:3.1.0] AndroidManifest.xml:28:19-119
154
155        <provider
155-->[com.amitshekhar.android:debug-db:1.0.0] AndroidManifest.xml:33:9-37:40
156            android:name="com.amitshekhar.DebugDBInitProvider"
156-->[com.amitshekhar.android:debug-db:1.0.0] AndroidManifest.xml:34:13-63
157            android:authorities="net.micode.notes.DebugDBInitProvider"
157-->[com.amitshekhar.android:debug-db:1.0.0] AndroidManifest.xml:35:13-71
158            android:enabled="true"
158-->[com.amitshekhar.android:debug-db:1.0.0] AndroidManifest.xml:36:13-35
159            android:exported="false" />
159-->[com.amitshekhar.android:debug-db:1.0.0] AndroidManifest.xml:37:13-37
160    </application>
161
162</manifest>